Using pre-set license
Built from '2020.2/staging' branch; Version is '2020.2.3f1 (8ff31bc5bf5b) revision 9433883'; Using compiler version '192528614'; Build Type 'Release'
OS: 'Windows 10 Home; OS build 18363.1440; Version 1909; 64bit' Language: 'en' Physical Memory: 32700 MB
BatchMode: 1, IsHumanControllingUs: 0, StartBugReporterOnCrash: 0, Is64bit: 1, IsPro: 0

 COMMAND LINE ARGUMENTS:
C:\Program Files\Unity\Hub\Editor\2020.2.3f1\Editor\Unity.exe
-adb2
-batchMode
-noUpm
-name
AssetImportWorker0
-projectPath
E:/UnityWork/TestProject
-logFile
Logs/AssetImportWorker0.log
-srvPort
59859
Successfully changed project path to: E:/UnityWork/TestProject
E:/UnityWork/TestProject
Using Asset Import Pipeline V2.
Refreshing native plugins compatible for Editor in 54.27 ms, found 4 plugins.
Preloading 0 native plugins for Editor in 0.00 ms.
Initialize engine version: 2020.2.3f1 (8ff31bc5bf5b)
[Subsystems] Discovering subsystems at path C:/Program Files/Unity/Hub/Editor/2020.2.3f1/Editor/Data/Resources/UnitySubsystems
[Subsystems] Discovering subsystems at path E:/UnityWork/TestProject/Assets
GfxDevice: creating device client; threaded=0
Direct3D:
    Version:  Direct3D 11.0 [level 11.1]
    Renderer: NVIDIA GeForce GTX 1060 6GB (ID=0x1c03)
    Vendor:   
    VRAM:     6052 MB
    Driver:   27.21.14.6172
Initialize mono
Mono path[0] = 'C:/Program Files/Unity/Hub/Editor/2020.2.3f1/Editor/Data/Managed'
Mono path[1] = 'C:/Program Files/Unity/Hub/Editor/2020.2.3f1/Editor/Data/MonoBleedingEdge/lib/mono/unityjit'
Mono config path = 'C:/Program Files/Unity/Hub/Editor/2020.2.3f1/Editor/Data/MonoBleedingEdge/etc'
Using monoOptions --debugger-agent=transport=dt_socket,embedding=1,server=y,suspend=n,address=127.0.0.1:56308
Begin MonoManager ReloadAssembly
Registering precompiled unity dll's ...
Register platform support module: C:/Program Files/Unity/Hub/Editor/2020.2.3f1/Editor/Data/PlaybackEngines/WebGLSupport/UnityEditor.WebGL.Extensions.dll
Register platform support module: C:/Program Files/Unity/Hub/Editor/2020.2.3f1/Editor/Data/PlaybackEngines/MacStandaloneSupport/UnityEditor.OSXStandalone.Extensions.dll
Register platform support module: C:/Program Files/Unity/Hub/Editor/2020.2.3f1/Editor/Data/PlaybackEngines/WindowsStandaloneSupport/UnityEditor.WindowsStandalone.Extensions.dll
Register platform support module: C:/Program Files/Unity/Hub/Editor/2020.2.3f1/Editor/Data/PlaybackEngines/LinuxStandaloneSupport/UnityEditor.LinuxStandalone.Extensions.dll
Register platform support module: C:/Program Files/Unity/Hub/Editor/2020.2.3f1/Editor/Data/PlaybackEngines/LuminSupport/UnityEditor.Lumin.Extensions.dll
Registered in 0.005502 seconds.
Native extension for Lumin target not found
Native extension for LinuxStandalone target not found
Native extension for WindowsStandalone target not found
Native extension for OSXStandalone target not found
Native extension for WebGL target not found
Refreshing native plugins compatible for Editor in 48.91 ms, found 4 plugins.
Preloading 0 native plugins for Editor in 0.00 ms.
Invoked RoslynAnalysisRunner static constructor.
RoslynAnalysisRunner will not be running.
RoslynAnalysisRunner has terminated.
Mono: successfully reloaded assembly
- Completed reload, in  3.400 seconds
Platform modules already initialized, skipping
Registering precompiled user dll's ...
Registered in 0.005296 seconds.
Begin MonoManager ReloadAssembly
Native extension for Lumin target not found
Native extension for LinuxStandalone target not found
Native extension for WindowsStandalone target not found
Native extension for OSXStandalone target not found
Native extension for WebGL target not found
Refreshing native plugins compatible for Editor in 51.23 ms, found 4 plugins.
Preloading 0 native plugins for Editor in 0.00 ms.
Invoked RoslynAnalysisRunner static constructor.
RoslynAnalysisRunner will not be running.
RoslynAnalysisRunner has terminated.
Mono: successfully reloaded assembly
- Completed reload, in  1.273 seconds
Platform modules already initialized, skipping
========================================================================
Worker process is ready to serve import requests
Launched and connected shader compiler UnityShaderCompiler.exe after 0.08 seconds
Refreshing native plugins compatible for Editor in 1.01 ms, found 4 plugins.
Preloading 0 native plugins for Editor in 0.00 ms.
Unloading 1839 Unused Serialized files (Serialized files now loaded: 0)
System memory in use before: 85.7 MB.
System memory in use after: 85.7 MB.

Unloading 44 unused Assets to reduce memory usage. Loaded Objects now: 2302.
Total: 3.146200 ms (FindLiveObjects: 0.291700 ms CreateObjectMapping: 0.063000 ms MarkObjects: 2.618800 ms  DeleteObjects: 0.171000 ms)

========================================================================
Received Import Request.
  path: Assets/Scripts/GridSystem/Heatmap
  artifactKey: Guid(f811ffc742eeba147b2e8628a75d45af) Importer(815301076,1909f56bfc062723c751e8b465ee728b)
Start importing Assets/Scripts/GridSystem/Heatmap using Guid(f811ffc742eeba147b2e8628a75d45af) Importer(815301076,1909f56bfc062723c751e8b465ee728b)  -> (artifact id: '17f0b743838fad1e66b47d6b21ed0b62') in 0.012278 seconds
  Import took 0.015902 seconds .

========================================================================
Received Import Request.
  Time since last request: 4.923204 seconds.
  path: Assets/Scripts/GridSystem/Heatmap/Heatmap.cs
  artifactKey: Guid(76b899ef155034f42b1816e3b9f05a54) Importer(815301076,1909f56bfc062723c751e8b465ee728b)
Start importing Assets/Scripts/GridSystem/Heatmap/Heatmap.cs using Guid(76b899ef155034f42b1816e3b9f05a54) Importer(815301076,1909f56bfc062723c751e8b465ee728b)  -> (artifact id: '70902ac43522cd5a141e6660ebab528f') in 0.040643 seconds
  Import took 0.061336 seconds .

========================================================================
Received Prepare
Registering precompiled user dll's ...
Registered in 0.005516 seconds.
Begin MonoManager ReloadAssembly
Native extension for Lumin target not found
Native extension for LinuxStandalone target not found
Native extension for WindowsStandalone target not found
Native extension for OSXStandalone target not found
Native extension for WebGL target not found
Refreshing native plugins compatible for Editor in 0.82 ms, found 4 plugins.
Preloading 0 native plugins for Editor in 0.00 ms.
Invoked RoslynAnalysisRunner static constructor.
RoslynAnalysisRunner will not be running.
RoslynAnalysisRunner has terminated.
Mono: successfully reloaded assembly
- Completed reload, in  1.435 seconds
Platform modules already initialized, skipping
Refreshing native plugins compatible for Editor in 0.70 ms, found 4 plugins.
Preloading 0 native plugins for Editor in 0.00 ms.
Unloading 1835 Unused Serialized files (Serialized files now loaded: 0)
System memory in use before: 85.7 MB.
System memory in use after: 85.7 MB.

Unloading 32 unused Assets to reduce memory usage. Loaded Objects now: 2306.
Total: 3.978400 ms (FindLiveObjects: 0.254100 ms CreateObjectMapping: 0.057500 ms MarkObjects: 3.399000 ms  DeleteObjects: 0.265400 ms)

========================================================================
Received Prepare
Registering precompiled user dll's ...
Registered in 0.005550 seconds.
Begin MonoManager ReloadAssembly
Native extension for Lumin target not found
Native extension for LinuxStandalone target not found
Native extension for WindowsStandalone target not found
Native extension for OSXStandalone target not found
Native extension for WebGL target not found
Refreshing native plugins compatible for Editor in 0.74 ms, found 4 plugins.
Preloading 0 native plugins for Editor in 0.00 ms.
Invoked RoslynAnalysisRunner static constructor.
RoslynAnalysisRunner will not be running.
RoslynAnalysisRunner has terminated.
Mono: successfully reloaded assembly
- Completed reload, in  1.186 seconds
Platform modules already initialized, skipping
Refreshing native plugins compatible for Editor in 1.18 ms, found 4 plugins.
Preloading 0 native plugins for Editor in 0.00 ms.
Unloading 1835 Unused Serialized files (Serialized files now loaded: 0)
System memory in use before: 85.7 MB.
System memory in use after: 85.7 MB.

Unloading 32 unused Assets to reduce memory usage. Loaded Objects now: 2309.
Total: 2.661400 ms (FindLiveObjects: 0.271700 ms CreateObjectMapping: 0.055800 ms MarkObjects: 2.187900 ms  DeleteObjects: 0.144800 ms)

========================================================================
Received Import Request.
  Time since last request: 458.630980 seconds.
  path: Assets/Scripts/Meshes
  artifactKey: Guid(ef275767ffc7fcf4f9d8a35dc29aa142) Importer(815301076,1909f56bfc062723c751e8b465ee728b)
Start importing Assets/Scripts/Meshes using Guid(ef275767ffc7fcf4f9d8a35dc29aa142) Importer(815301076,1909f56bfc062723c751e8b465ee728b)  -> (artifact id: '17fbcd5d40a7b4b018c16858076871af') in 0.013356 seconds
  Import took 0.017471 seconds .

========================================================================
Received Import Request.
  Time since last request: 7.002068 seconds.
  path: Assets/Scripts/Meshes/MeshClass.cs
  artifactKey: Guid(2455d02dea1f51b40b36ae2dc3c35ed0) Importer(815301076,1909f56bfc062723c751e8b465ee728b)
Start importing Assets/Scripts/Meshes/MeshClass.cs using Guid(2455d02dea1f51b40b36ae2dc3c35ed0) Importer(815301076,1909f56bfc062723c751e8b465ee728b)  -> (artifact id: '4b35ab7ba9f3b52fb2af23b9835c2732') in 0.010641 seconds
  Import took 0.015323 seconds .

========================================================================
Received Prepare
Registering precompiled user dll's ...
Registered in 0.006359 seconds.
Begin MonoManager ReloadAssembly
Native extension for Lumin target not found
Native extension for LinuxStandalone target not found
Native extension for WindowsStandalone target not found
Native extension for OSXStandalone target not found
Native extension for WebGL target not found
Refreshing native plugins compatible for Editor in 0.96 ms, found 4 plugins.
Preloading 0 native plugins for Editor in 0.00 ms.
Invoked RoslynAnalysisRunner static constructor.
RoslynAnalysisRunner will not be running.
RoslynAnalysisRunner has terminated.
Mono: successfully reloaded assembly
- Completed reload, in  1.801 seconds
Platform modules already initialized, skipping
Refreshing native plugins compatible for Editor in 0.65 ms, found 4 plugins.
Preloading 0 native plugins for Editor in 0.00 ms.
Unloading 1836 Unused Serialized files (Serialized files now loaded: 0)
System memory in use before: 85.8 MB.
System memory in use after: 85.8 MB.

Unloading 32 unused Assets to reduce memory usage. Loaded Objects now: 2313.
Total: 4.189700 ms (FindLiveObjects: 0.470600 ms CreateObjectMapping: 0.065100 ms MarkObjects: 3.502900 ms  DeleteObjects: 0.148400 ms)

========================================================================
Received Prepare
Registering precompiled user dll's ...
Registered in 0.005219 seconds.
Begin MonoManager ReloadAssembly
Native extension for Lumin target not found
Native extension for LinuxStandalone target not found
Native extension for WindowsStandalone target not found
Native extension for OSXStandalone target not found
Native extension for WebGL target not found
Refreshing native plugins compatible for Editor in 0.78 ms, found 4 plugins.
Preloading 0 native plugins for Editor in 0.00 ms.
Invoked RoslynAnalysisRunner static constructor.
RoslynAnalysisRunner will not be running.
RoslynAnalysisRunner has terminated.
Mono: successfully reloaded assembly
- Completed reload, in  1.213 seconds
Platform modules already initialized, skipping
Refreshing native plugins compatible for Editor in 0.63 ms, found 4 plugins.
Preloading 0 native plugins for Editor in 0.00 ms.
Unloading 1836 Unused Serialized files (Serialized files now loaded: 0)
System memory in use before: 85.8 MB.
System memory in use after: 85.8 MB.

Unloading 32 unused Assets to reduce memory usage. Loaded Objects now: 2316.
Total: 3.127200 ms (FindLiveObjects: 0.223300 ms CreateObjectMapping: 0.055900 ms MarkObjects: 2.671100 ms  DeleteObjects: 0.175300 ms)

========================================================================
Received Import Request.
  Time since last request: 1668.794076 seconds.
  path: Assets/Scripts/Meshes/MeshClass.cs
  artifactKey: Guid(2455d02dea1f51b40b36ae2dc3c35ed0) Importer(815301076,1909f56bfc062723c751e8b465ee728b)
Start importing Assets/Scripts/Meshes/MeshClass.cs using Guid(2455d02dea1f51b40b36ae2dc3c35ed0) Importer(815301076,1909f56bfc062723c751e8b465ee728b)  -> (artifact id: 'ba3fb58dc913a82f8db3b4a562786b47') in 0.008316 seconds
  Import took 0.011725 seconds .

========================================================================
Received Prepare
Registering precompiled user dll's ...
Registered in 0.006152 seconds.
Begin MonoManager ReloadAssembly
Native extension for Lumin target not found
Native extension for LinuxStandalone target not found
Native extension for WindowsStandalone target not found
Native extension for OSXStandalone target not found
Native extension for WebGL target not found
Refreshing native plugins compatible for Editor in 0.65 ms, found 4 plugins.
Preloading 0 native plugins for Editor in 0.00 ms.
Invoked RoslynAnalysisRunner static constructor.
RoslynAnalysisRunner will not be running.
RoslynAnalysisRunner has terminated.
Mono: successfully reloaded assembly
- Completed reload, in  1.238 seconds
Platform modules already initialized, skipping
Refreshing native plugins compatible for Editor in 0.64 ms, found 4 plugins.
Preloading 0 native plugins for Editor in 0.00 ms.
Unloading 1836 Unused Serialized files (Serialized files now loaded: 0)
System memory in use before: 85.8 MB.
System memory in use after: 85.8 MB.

Unloading 32 unused Assets to reduce memory usage. Loaded Objects now: 2319.
Total: 2.447200 ms (FindLiveObjects: 0.231600 ms CreateObjectMapping: 0.055700 ms MarkObjects: 1.936400 ms  DeleteObjects: 0.222200 ms)

========================================================================
Received Import Request.
  Time since last request: 1634.711895 seconds.
  path: Assets/DynamicMesh/Textures
  artifactKey: Guid(ca31322cdffb96941bca5df13e649965) Importer(815301076,1909f56bfc062723c751e8b465ee728b)
Start importing Assets/DynamicMesh/Textures using Guid(ca31322cdffb96941bca5df13e649965) Importer(815301076,1909f56bfc062723c751e8b465ee728b)  -> (artifact id: 'd66102a7f8d776671d724e51054486c4') in 0.012060 seconds
  Import took 0.016977 seconds .

========================================================================
Received Import Request.
  Time since last request: 0.000821 seconds.
  path: Assets/DynamicMesh/Textures
  artifactKey: Guid(ca31322cdffb96941bca5df13e649965) Importer(815301076,1909f56bfc062723c751e8b465ee728b)
Start importing Assets/DynamicMesh/Textures using Guid(ca31322cdffb96941bca5df13e649965) Importer(815301076,1909f56bfc062723c751e8b465ee728b)  -> (artifact id: 'd66102a7f8d776671d724e51054486c4') in 0.003048 seconds
  Import took 0.006896 seconds .

========================================================================
Received Import Request.
  Time since last request: 0.047848 seconds.
  path: Assets/DynamicMesh/Textures/RainbowSquare.mat
  artifactKey: Guid(2eb661e42bd8bf84fa6d1813c8e11eaf) Importer(815301076,1909f56bfc062723c751e8b465ee728b)
Start importing Assets/DynamicMesh/Textures/RainbowSquare.mat using Guid(2eb661e42bd8bf84fa6d1813c8e11eaf) Importer(815301076,1909f56bfc062723c751e8b465ee728b)  -> (artifact id: '60cb029012b3445e4ad6f6e68a4e7102') in 0.210609 seconds
  Import took 0.241851 seconds .

========================================================================
Received Import Request.
  Time since last request: 0.000274 seconds.
  path: Assets/DynamicMesh/Textures/SpartanSpriteSheet.png
  artifactKey: Guid(91cec5e6f7ea0dc46bbb4e49035dc518) Importer(815301076,1909f56bfc062723c751e8b465ee728b)
Start importing Assets/DynamicMesh/Textures/SpartanSpriteSheet.png using Guid(91cec5e6f7ea0dc46bbb4e49035dc518) Importer(815301076,1909f56bfc062723c751e8b465ee728b)  -> (artifact id: '1eb37471ea22f291e8bb05a100f4af75') in 0.091293 seconds
  Import took 0.106141 seconds .

========================================================================
Received Import Request.
  Time since last request: 0.000263 seconds.
  path: Assets/DynamicMesh/Textures/RainbowSquare.png
  artifactKey: Guid(a792679b013f4ac4ca359b0949366415) Importer(815301076,1909f56bfc062723c751e8b465ee728b)
Start importing Assets/DynamicMesh/Textures/RainbowSquare.png using Guid(a792679b013f4ac4ca359b0949366415) Importer(815301076,1909f56bfc062723c751e8b465ee728b)  -> (artifact id: '05340c3faff7edef7fe3aac27424114e') in 0.020796 seconds
  Import took 0.024700 seconds .

========================================================================
Received Import Request.
  Time since last request: 0.000299 seconds.
  path: Assets/DynamicMesh/Textures/SpartanSpriteSheet.mat
  artifactKey: Guid(8b2e2897afc4b7a41875845521f6e42d) Importer(815301076,1909f56bfc062723c751e8b465ee728b)
Start importing Assets/DynamicMesh/Textures/SpartanSpriteSheet.mat using Guid(8b2e2897afc4b7a41875845521f6e42d) Importer(815301076,1909f56bfc062723c751e8b465ee728b)  -> (artifact id: 'bb3a0334d2ef4963e01fdea8519e6378') in 0.069005 seconds
  Import took 0.073184 seconds .

========================================================================
Received Import Request.
  Time since last request: 0.000287 seconds.
  path: Assets/DynamicMesh/Textures/RainbowSquare.png
  artifactKey: Guid(a792679b013f4ac4ca359b0949366415) Importer(815301076,1909f56bfc062723c751e8b465ee728b)
Start importing Assets/DynamicMesh/Textures/RainbowSquare.png using Guid(a792679b013f4ac4ca359b0949366415) Importer(815301076,1909f56bfc062723c751e8b465ee728b)  -> (artifact id: '05340c3faff7edef7fe3aac27424114e') in 0.022769 seconds
  Import took 0.026469 seconds .

========================================================================
Received Import Request.
  Time since last request: 6.049387 seconds.
  path: Assets/DynamicMesh/Scripts
  artifactKey: Guid(45b0d58901a96e14f838c0e531129224) Importer(815301076,1909f56bfc062723c751e8b465ee728b)
Start importing Assets/DynamicMesh/Scripts using Guid(45b0d58901a96e14f838c0e531129224) Importer(815301076,1909f56bfc062723c751e8b465ee728b)  -> (artifact id: 'd4ee071abd06dc7d8579a6521c81c9c3') in 0.008827 seconds
  Import took 0.055000 seconds .

========================================================================
Received Import Request.
  Time since last request: 0.710148 seconds.
  path: Assets/DynamicMesh/Scripts/Testing.cs
  artifactKey: Guid(b8c525f039522224bb473f64593bb79d) Importer(815301076,1909f56bfc062723c751e8b465ee728b)
Start importing Assets/DynamicMesh/Scripts/Testing.cs using Guid(b8c525f039522224bb473f64593bb79d) Importer(815301076,1909f56bfc062723c751e8b465ee728b)  -> (artifact id: 'd2fd6d9a236aa323162ba8a9151992da') in 0.008673 seconds
  Import took 0.012881 seconds .

========================================================================
Received Import Request.
  Time since last request: 0.030099 seconds.
  path: Assets/DynamicMesh/Scripts/Testing.cs
  artifactKey: Guid(b8c525f039522224bb473f64593bb79d) Importer(815301076,1909f56bfc062723c751e8b465ee728b)
Start importing Assets/DynamicMesh/Scripts/Testing.cs using Guid(b8c525f039522224bb473f64593bb79d) Importer(815301076,1909f56bfc062723c751e8b465ee728b)  -> (artifact id: 'd2fd6d9a236aa323162ba8a9151992da') in 0.003334 seconds
  Import took 0.006953 seconds .

========================================================================
Received Import Request.
  Time since last request: 10.050698 seconds.
  path: Assets/DynamicMesh/Scripts/MeshTesting.cs
  artifactKey: Guid(b8c525f039522224bb473f64593bb79d) Importer(815301076,1909f56bfc062723c751e8b465ee728b)
Start importing Assets/DynamicMesh/Scripts/MeshTesting.cs using Guid(b8c525f039522224bb473f64593bb79d) Importer(815301076,1909f56bfc062723c751e8b465ee728b)  -> (artifact id: '7a9300df6975c23c597bafff0d9b6eac') in 0.014435 seconds
  Import took 0.022481 seconds .

========================================================================
Received Prepare
Registering precompiled user dll's ...
Registered in 0.005711 seconds.
Begin MonoManager ReloadAssembly
Native extension for Lumin target not found
Native extension for LinuxStandalone target not found
Native extension for WindowsStandalone target not found
Native extension for OSXStandalone target not found
Native extension for WebGL target not found
Refreshing native plugins compatible for Editor in 0.67 ms, found 4 plugins.
Preloading 0 native plugins for Editor in 0.00 ms.
Invoked RoslynAnalysisRunner static constructor.
RoslynAnalysisRunner will not be running.
RoslynAnalysisRunner has terminated.
Mono: successfully reloaded assembly
- Completed reload, in  1.128 seconds
Platform modules already initialized, skipping
Refreshing native plugins compatible for Editor in 0.85 ms, found 4 plugins.
Preloading 0 native plugins for Editor in 0.00 ms.
Unloading 1837 Unused Serialized files (Serialized files now loaded: 0)
System memory in use before: 89.2 MB.
System memory in use after: 89.2 MB.

Unloading 32 unused Assets to reduce memory usage. Loaded Objects now: 2367.
Total: 2.474800 ms (FindLiveObjects: 0.247100 ms CreateObjectMapping: 0.055200 ms MarkObjects: 2.031400 ms  DeleteObjects: 0.139700 ms)

========================================================================
Received Import Request.
  Time since last request: 21.725694 seconds.
  path: Assets/DynamicMesh/Scripts/MeshTesting.cs
  artifactKey: Guid(b8c525f039522224bb473f64593bb79d) Importer(815301076,1909f56bfc062723c751e8b465ee728b)
Start importing Assets/DynamicMesh/Scripts/MeshTesting.cs using Guid(b8c525f039522224bb473f64593bb79d) Importer(815301076,1909f56bfc062723c751e8b465ee728b)  -> (artifact id: 'fbcdb58c75810f583ffa9501da9aab90') in 0.008219 seconds
  Import took 0.033524 seconds .

========================================================================
Received Prepare
Registering precompiled user dll's ...
Registered in 0.006431 seconds.
Begin MonoManager ReloadAssembly
Native extension for Lumin target not found
Native extension for LinuxStandalone target not found
Native extension for WindowsStandalone target not found
Native extension for OSXStandalone target not found
Native extension for WebGL target not found
Refreshing native plugins compatible for Editor in 0.86 ms, found 4 plugins.
Preloading 0 native plugins for Editor in 0.00 ms.
Invoked RoslynAnalysisRunner static constructor.
RoslynAnalysisRunner will not be running.
RoslynAnalysisRunner has terminated.
Mono: successfully reloaded assembly
- Completed reload, in  1.280 seconds
Platform modules already initialized, skipping
Refreshing native plugins compatible for Editor in 0.88 ms, found 4 plugins.
Preloading 0 native plugins for Editor in 0.00 ms.
Unloading 1837 Unused Serialized files (Serialized files now loaded: 0)
System memory in use before: 89.2 MB.
System memory in use after: 89.2 MB.

Unloading 32 unused Assets to reduce memory usage. Loaded Objects now: 2370.
Total: 3.409300 ms (FindLiveObjects: 0.523100 ms CreateObjectMapping: 0.071500 ms MarkObjects: 2.664400 ms  DeleteObjects: 0.148300 ms)

========================================================================
Received Prepare
Registering precompiled user dll's ...
Registered in 0.005321 seconds.
Begin MonoManager ReloadAssembly
Native extension for Lumin target not found
Native extension for LinuxStandalone target not found
Native extension for WindowsStandalone target not found
Native extension for OSXStandalone target not found
Native extension for WebGL target not found
Refreshing native plugins compatible for Editor in 0.62 ms, found 4 plugins.
Preloading 0 native plugins for Editor in 0.00 ms.
Invoked RoslynAnalysisRunner static constructor.
RoslynAnalysisRunner will not be running.
RoslynAnalysisRunner has terminated.
Mono: successfully reloaded assembly
- Completed reload, in  1.101 seconds
Platform modules already initialized, skipping
Refreshing native plugins compatible for Editor in 0.82 ms, found 4 plugins.
Preloading 0 native plugins for Editor in 0.00 ms.
Unloading 1837 Unused Serialized files (Serialized files now loaded: 0)
System memory in use before: 89.2 MB.
System memory in use after: 89.2 MB.

Unloading 32 unused Assets to reduce memory usage. Loaded Objects now: 2373.
Total: 2.760100 ms (FindLiveObjects: 0.350900 ms CreateObjectMapping: 0.057400 ms MarkObjects: 2.206000 ms  DeleteObjects: 0.143400 ms)

========================================================================
Received Prepare
Registering precompiled user dll's ...
Registered in 0.005870 seconds.
Begin MonoManager ReloadAssembly
Native extension for Lumin target not found
Native extension for LinuxStandalone target not found
Native extension for WindowsStandalone target not found
Native extension for OSXStandalone target not found
Native extension for WebGL target not found
Refreshing native plugins compatible for Editor in 0.80 ms, found 4 plugins.
Preloading 0 native plugins for Editor in 0.00 ms.
Invoked RoslynAnalysisRunner static constructor.
RoslynAnalysisRunner will not be running.
RoslynAnalysisRunner has terminated.
Mono: successfully reloaded assembly
- Completed reload, in  1.460 seconds
Platform modules already initialized, skipping
Refreshing native plugins compatible for Editor in 0.73 ms, found 4 plugins.
Preloading 0 native plugins for Editor in 0.00 ms.
Unloading 1837 Unused Serialized files (Serialized files now loaded: 0)
System memory in use before: 89.2 MB.
System memory in use after: 89.2 MB.

Unloading 32 unused Assets to reduce memory usage. Loaded Objects now: 2376.
Total: 2.490300 ms (FindLiveObjects: 0.235000 ms CreateObjectMapping: 0.055800 ms MarkObjects: 2.043300 ms  DeleteObjects: 0.154900 ms)

========================================================================
Received Prepare
Registering precompiled user dll's ...
Registered in 0.005457 seconds.
Begin MonoManager ReloadAssembly
Native extension for Lumin target not found
Native extension for LinuxStandalone target not found
Native extension for WindowsStandalone target not found
Native extension for OSXStandalone target not found
Native extension for WebGL target not found
Refreshing native plugins compatible for Editor in 1.47 ms, found 4 plugins.
Preloading 0 native plugins for Editor in 0.00 ms.
Invoked RoslynAnalysisRunner static constructor.
RoslynAnalysisRunner will not be running.
RoslynAnalysisRunner has terminated.
Mono: successfully reloaded assembly
- Completed reload, in  1.217 seconds
Platform modules already initialized, skipping
Refreshing native plugins compatible for Editor in 1.24 ms, found 4 plugins.
Preloading 0 native plugins for Editor in 0.00 ms.
Unloading 1837 Unused Serialized files (Serialized files now loaded: 0)
System memory in use before: 89.3 MB.
System memory in use after: 89.2 MB.

Unloading 32 unused Assets to reduce memory usage. Loaded Objects now: 2379.
Total: 3.047900 ms (FindLiveObjects: 0.255800 ms CreateObjectMapping: 0.055100 ms MarkObjects: 2.551400 ms  DeleteObjects: 0.183800 ms)

========================================================================
Received Prepare
Registering precompiled user dll's ...
Registered in 0.005531 seconds.
Begin MonoManager ReloadAssembly
Native extension for Lumin target not found
Native extension for LinuxStandalone target not found
Native extension for WindowsStandalone target not found
Native extension for OSXStandalone target not found
Native extension for WebGL target not found
Refreshing native plugins compatible for Editor in 0.88 ms, found 4 plugins.
Preloading 0 native plugins for Editor in 0.00 ms.
Invoked RoslynAnalysisRunner static constructor.
RoslynAnalysisRunner will not be running.
RoslynAnalysisRunner has terminated.
Mono: successfully reloaded assembly
- Completed reload, in  1.176 seconds
Platform modules already initialized, skipping
Refreshing native plugins compatible for Editor in 0.62 ms, found 4 plugins.
Preloading 0 native plugins for Editor in 0.00 ms.
Unloading 1837 Unused Serialized files (Serialized files now loaded: 0)
System memory in use before: 89.3 MB.
System memory in use after: 89.3 MB.

Unloading 32 unused Assets to reduce memory usage. Loaded Objects now: 2382.
Total: 2.361400 ms (FindLiveObjects: 0.243100 ms CreateObjectMapping: 0.054400 ms MarkObjects: 1.927100 ms  DeleteObjects: 0.135500 ms)

